2025-12-11T10:31:28:    ▲ Next.js 16.0.8
2025-12-11T10:31:28:    - Local:         http://localhost:3000
2025-12-11T10:31:28:    - Network:       http://107.173.27.225:3000
2025-12-11T10:31:28: 
2025-12-11T10:31:28:  ✓ Starting...
2025-12-11T10:31:28:  ⚠ "next start" does not work with "output: standalone" configuration. Use "node .next/standalone/server.js" instead.
2025-12-11T10:31:28:  ✓ Ready in 563ms
2025-12-11T10:32:42:    ▲ Next.js 16.0.8
2025-12-11T10:32:42:    - Local:         http://localhost:3000
2025-12-11T10:32:42:    - Network:       http://107.173.27.225:3000
2025-12-11T10:32:42: 
2025-12-11T10:32:42:  ✓ Starting...
2025-12-11T10:32:42:  ⚠ "next start" does not work with "output: standalone" configuration. Use "node .next/standalone/server.js" instead.
2025-12-11T10:32:42:  ✓ Ready in 558ms
2025-12-11T10:50:41:    ▲ Next.js 16.0.8
2025-12-11T10:50:41:    - Local:         http://localhost:3000
2025-12-11T10:50:41:    - Network:       http://107.173.27.225:3000
2025-12-11T10:50:41: 
2025-12-11T10:50:41:  ✓ Starting...
2025-12-11T10:50:41:  ⚠ "next start" does not work with "output: standalone" configuration. Use "node .next/standalone/server.js" instead.
2025-12-11T10:50:41:  ✓ Ready in 492ms
2025-12-11T10:50:48: Error: Failed to find Server Action "x". This request might be from an older or newer deployment.
2025-12-11T10:50:48: Read more: https://nextjs.org/docs/messages/failed-to-find-server-action
2025-12-11T10:50:48:     at async m (.next/server/chunks/ssr/_bfab0e88._.js:1:7248)
2025-12-11T10:50:48:     at async p (.next/server/chunks/ssr/_bfab0e88._.js:2:2713)
2025-12-11T10:50:48:     at async L (.next/server/chunks/ssr/_bfab0e88._.js:2:7928)
2025-12-11T11:45:24:    ▲ Next.js 16.0.8
2025-12-11T11:45:24:    - Local:         http://localhost:3000
2025-12-11T11:45:24:    - Network:       http://107.173.27.225:3000
2025-12-11T11:45:24: 
2025-12-11T11:45:24:  ✓ Starting...
2025-12-11T11:45:24:  ⚠ "next start" does not work with "output: standalone" configuration. Use "node .next/standalone/server.js" instead.
2025-12-11T11:45:24:  ✓ Ready in 605ms
2025-12-11T11:45:42:    ▲ Next.js 16.0.8
2025-12-11T11:45:42:    - Local:         http://localhost:3000
2025-12-11T11:45:42:    - Network:       http://107.173.27.225:3000
2025-12-11T11:45:42: 
2025-12-11T11:45:42:  ✓ Starting...
2025-12-11T11:45:42:  ⚠ "next start" does not work with "output: standalone" configuration. Use "node .next/standalone/server.js" instead.
2025-12-11T11:45:42:  ✓ Ready in 519ms
2025-12-11T12:48:06: Error: Failed to find Server Action "x". This request might be from an older or newer deployment.
2025-12-11T12:48:06: Read more: https://nextjs.org/docs/messages/failed-to-find-server-action
2025-12-11T12:48:06:     at async m (.next/server/chunks/ssr/_bfab0e88._.js:1:7248)
2025-12-11T12:48:06:     at async p (.next/server/chunks/ssr/_bfab0e88._.js:2:2713)
2025-12-11T12:48:06:     at async L (.next/server/chunks/ssr/_bfab0e88._.js:2:7928)
2025-12-11T13:02:20: Error: Failed to find Server Action "x". This request might be from an older or newer deployment.
2025-12-11T13:02:20: Read more: https://nextjs.org/docs/messages/failed-to-find-server-action
2025-12-11T13:02:20:     at async m (.next/server/chunks/ssr/_bfab0e88._.js:1:7248)
2025-12-11T13:02:20:     at async p (.next/server/chunks/ssr/_bfab0e88._.js:2:2713)
2025-12-11T13:02:20:     at async L (.next/server/chunks/ssr/_bfab0e88._.js:2:7928)
2025-12-11T13:02:20: Error: Failed to find Server Action "x". This request might be from an older or newer deployment.
2025-12-11T13:02:20: Read more: https://nextjs.org/docs/messages/failed-to-find-server-action
2025-12-11T13:02:20:     at ignore-listed frames
2025-12-11T13:12:22:    ▲ Next.js 16.0.8
2025-12-11T13:12:22:    - Local:         http://localhost:3000
2025-12-11T13:12:22:    - Network:       http://107.173.27.225:3000
2025-12-11T13:12:22: 
2025-12-11T13:12:22:  ✓ Starting...
2025-12-11T13:12:22:  ⚠ "next start" does not work with "output: standalone" configuration. Use "node .next/standalone/server.js" instead.
2025-12-11T13:12:22:  ✓ Ready in 648ms
2025-12-11T13:14:17:    ▲ Next.js 16.0.8
2025-12-11T13:14:17:    - Local:         http://localhost:3000
2025-12-11T13:14:17:    - Network:       http://107.173.27.225:3000
2025-12-11T13:14:17: 
2025-12-11T13:14:17:  ✓ Starting...
2025-12-11T13:14:17:  ⚠ "next start" does not work with "output: standalone" configuration. Use "node .next/standalone/server.js" instead.
2025-12-11T13:14:18:  ✓ Ready in 638ms
