2025-12-11T10:31:28:    ▲ Next.js 16.0.8
2025-12-11T10:31:28:    - Local:         http://localhost:3000
2025-12-11T10:31:28:    - Network:       http://107.173.27.225:3000
2025-12-11T10:31:28: 
2025-12-11T10:31:28:  ✓ Starting...
2025-12-11T10:31:28:  ✓ Ready in 563ms
2025-12-11T10:32:42:    ▲ Next.js 16.0.8
2025-12-11T10:32:42:    - Local:         http://localhost:3000
2025-12-11T10:32:42:    - Network:       http://107.173.27.225:3000
2025-12-11T10:32:42: 
2025-12-11T10:32:42:  ✓ Starting...
2025-12-11T10:32:42:  ✓ Ready in 558ms
2025-12-11T10:50:41:    ▲ Next.js 16.0.8
2025-12-11T10:50:41:    - Local:         http://localhost:3000
2025-12-11T10:50:41:    - Network:       http://107.173.27.225:3000
2025-12-11T10:50:41: 
2025-12-11T10:50:41:  ✓ Starting...
2025-12-11T10:50:41:  ✓ Ready in 492ms
2025-12-11T11:45:24:    ▲ Next.js 16.0.8
2025-12-11T11:45:24:    - Local:         http://localhost:3000
2025-12-11T11:45:24:    - Network:       http://107.173.27.225:3000
2025-12-11T11:45:24: 
2025-12-11T11:45:24:  ✓ Starting...
2025-12-11T11:45:24:  ✓ Ready in 605ms
2025-12-11T11:45:42:    ▲ Next.js 16.0.8
2025-12-11T11:45:42:    - Local:         http://localhost:3000
2025-12-11T11:45:42:    - Network:       http://107.173.27.225:3000
2025-12-11T11:45:42: 
2025-12-11T11:45:42:  ✓ Starting...
2025-12-11T11:45:42:  ✓ Ready in 519ms
2025-12-11T13:12:22:    ▲ Next.js 16.0.8
2025-12-11T13:12:22:    - Local:         http://localhost:3000
2025-12-11T13:12:22:    - Network:       http://107.173.27.225:3000
2025-12-11T13:12:22: 
2025-12-11T13:12:22:  ✓ Starting...
2025-12-11T13:12:22:  ✓ Ready in 648ms
2025-12-11T13:14:17:    ▲ Next.js 16.0.8
2025-12-11T13:14:17:    - Local:         http://localhost:3000
2025-12-11T13:14:17:    - Network:       http://107.173.27.225:3000
2025-12-11T13:14:17: 
2025-12-11T13:14:17:  ✓ Starting...
2025-12-11T13:14:18:  ✓ Ready in 638ms
